2026-02-26 09:20:30.766 [main] INFO  com.zhanglx.sso.gateway.SsoGatewayApplication - Starting SsoGatewayApplication using Java 25.0.2 with PID 4848 (F:\zhanglx-index\zhanglx-sso-platform\sso-gateway\target\classes started by 16147 in F:\zhanglx-index\zhanglx-sso-platform)
2026-02-26 09:20:30.773 [main] INFO  com.zhanglx.sso.gateway.SsoGatewayApplication - No active profile set, falling back to 1 default profile: "default"
2026-02-26 09:20:31.712 [main] INFO  o.s.d.r.config.RepositoryConfigurationDelegate - Multiple Spring Data modules found, entering strict repository configuration mode
2026-02-26 09:20:31.717 [main] INFO  o.s.d.r.config.RepositoryConfigurationDelegate - Bootstrapping Spring Data Redis repositories in DEFAULT mode.
2026-02-26 09:20:31.759 [main] INFO  o.s.d.r.config.RepositoryConfigurationDelegate - Finished Spring Data repository scanning in 15 ms. Found 0 Redis repository interfaces.
2026-02-26 09:20:32.030 [main] INFO  o.springframework.cloud.context.scope.GenericScope - BeanFactory id=ce86ac60-9f77-3e96-a130-82e1f753435d
2026-02-26 09:20:33.406 [main] INFO  o.s.c.gateway.route.RouteDefinitionRouteLocator - Loaded RoutePredicateFactory [After]
2026-02-26 09:20:33.406 [main] INFO  o.s.c.gateway.route.RouteDefinitionRouteLocator - Loaded RoutePredicateFactory [Before]
2026-02-26 09:20:33.407 [main] INFO  o.s.c.gateway.route.RouteDefinitionRouteLocator - Loaded RoutePredicateFactory [Between]
2026-02-26 09:20:33.407 [main] INFO  o.s.c.gateway.route.RouteDefinitionRouteLocator - Loaded RoutePredicateFactory [Cookie]
2026-02-26 09:20:33.407 [main] INFO  o.s.c.gateway.route.RouteDefinitionRouteLocator - Loaded RoutePredicateFactory [Header]
2026-02-26 09:20:33.407 [main] INFO  o.s.c.gateway.route.RouteDefinitionRouteLocator - Loaded RoutePredicateFactory [Host]
2026-02-26 09:20:33.407 [main] INFO  o.s.c.gateway.route.RouteDefinitionRouteLocator - Loaded RoutePredicateFactory [Method]
2026-02-26 09:20:33.407 [main] INFO  o.s.c.gateway.route.RouteDefinitionRouteLocator - Loaded RoutePredicateFactory [Path]
2026-02-26 09:20:33.407 [main] INFO  o.s.c.gateway.route.RouteDefinitionRouteLocator - Loaded RoutePredicateFactory [Query]
2026-02-26 09:20:33.407 [main] INFO  o.s.c.gateway.route.RouteDefinitionRouteLocator - Loaded RoutePredicateFactory [ReadBody]
2026-02-26 09:20:33.407 [main] INFO  o.s.c.gateway.route.RouteDefinitionRouteLocator - Loaded RoutePredicateFactory [RemoteAddr]
2026-02-26 09:20:33.407 [main] INFO  o.s.c.gateway.route.RouteDefinitionRouteLocator - Loaded RoutePredicateFactory [Version]
2026-02-26 09:20:33.407 [main] INFO  o.s.c.gateway.route.RouteDefinitionRouteLocator - Loaded RoutePredicateFactory [XForwardedRemoteAddr]
2026-02-26 09:20:33.407 [main] INFO  o.s.c.gateway.route.RouteDefinitionRouteLocator - Loaded RoutePredicateFactory [Weight]
2026-02-26 09:20:33.407 [main] INFO  o.s.c.gateway.route.RouteDefinitionRouteLocator - Loaded RoutePredicateFactory [CloudFoundryRouteService]
2026-02-26 09:20:33.635 [main] WARN  o.s.b.w.s.r.c.AnnotationConfigReactiveWebServerApplicationContext - Exception encountered during context initialization - cancelling refresh attempt: org.springframework.beans.factory.BeanCreationException: Error creating bean with name 'cn.dev33.satoken.spring.SaBeanInject': Failed to instantiate [cn.dev33.satoken.spring.SaBeanInject]: Constructor threw exception
2026-02-26 09:20:33.665 [main] INFO  o.s.b.a.logging.ConditionEvaluationReportLogger - 

Error starting ApplicationContext. To display the condition evaluation report re-run your application with 'debug' enabled.
2026-02-26 09:20:33.681 [main] ERROR org.springframework.boot.SpringApplication - Application run failed
org.springframework.beans.factory.BeanCreationException: Error creating bean with name 'cn.dev33.satoken.spring.SaBeanInject': Failed to instantiate [cn.dev33.satoken.spring.SaBeanInject]: Constructor threw exception
	at org.springframework.beans.factory.support.ConstructorResolver.instantiate(ConstructorResolver.java:321)
	at org.springframework.beans.factory.support.ConstructorResolver.autowireConstructor(ConstructorResolver.java:309)
	at org.springframework.beans.factory.support.AbstractAutowireCapableBeanFactory.autowireConstructor(AbstractAutowireCapableBeanFactory.java:1382)
	at org.springframework.beans.factory.support.AbstractAutowireCapableBeanFactory.createBeanInstance(AbstractAutowireCapableBeanFactory.java:1221)
	at org.springframework.beans.factory.support.AbstractAutowireCapableBeanFactory.doCreateBean(AbstractAutowireCapableBeanFactory.java:565)
	at org.springframework.beans.factory.support.AbstractAutowireCapableBeanFactory.createBean(AbstractAutowireCapableBeanFactory.java:525)
	at org.springframework.beans.factory.support.AbstractBeanFactory.lambda$doGetBean$0(AbstractBeanFactory.java:333)
	at org.springframework.beans.factory.support.DefaultSingletonBeanRegistry.getSingleton(DefaultSingletonBeanRegistry.java:371)
	at org.springframework.beans.factory.support.AbstractBeanFactory.doGetBean(AbstractBeanFactory.java:331)
	at org.springframework.beans.factory.support.AbstractBeanFactory.getBean(AbstractBeanFactory.java:196)
	at org.springframework.beans.factory.support.DefaultListableBeanFactory.instantiateSingleton(DefaultListableBeanFactory.java:1218)
	at org.springframework.beans.factory.support.DefaultListableBeanFactory.preInstantiateSingleton(DefaultListableBeanFactory.java:1184)
	at org.springframework.beans.factory.support.DefaultListableBeanFactory.preInstantiateSingletons(DefaultListableBeanFactory.java:1121)
	at org.springframework.context.support.AbstractApplicationContext.finishBeanFactoryInitialization(AbstractApplicationContext.java:994)
	at org.springframework.context.support.AbstractApplicationContext.refresh(AbstractApplicationContext.java:621)
	at org.springframework.boot.web.server.reactive.context.ReactiveWebServerApplicationContext.refresh(ReactiveWebServerApplicationContext.java:69)
	at org.springframework.boot.SpringApplication.refresh(SpringApplication.java:756)
	at org.springframework.boot.SpringApplication.refreshContext(SpringApplication.java:445)
	at org.springframework.boot.SpringApplication.run(SpringApplication.java:321)
	at org.springframework.boot.SpringApplication.run(SpringApplication.java:1365)
	at org.springframework.boot.SpringApplication.run(SpringApplication.java:1354)
	at com.zhanglx.sso.gateway.SsoGatewayApplication.main(SsoGatewayApplication.java:10)
Caused by: org.springframework.beans.BeanInstantiationException: Failed to instantiate [cn.dev33.satoken.spring.SaBeanInject]: Constructor threw exception
	at org.springframework.beans.BeanUtils.instantiateClass(BeanUtils.java:220)
	at org.springframework.beans.factory.support.SimpleInstantiationStrategy.instantiate(SimpleInstantiationStrategy.java:129)
	at org.springframework.beans.factory.support.ConstructorResolver.instantiate(ConstructorResolver.java:318)
	... 21 common frames omitted
Caused by: java.lang.NoClassDefFoundError: com/fasterxml/jackson/datatype/jsr310/ser/LocalDateTimeSerializer
	at cn.dev33.satoken.plugin.SaTokenPluginForJackson.install(SaTokenPluginForJackson.java:34)
	at cn.dev33.satoken.plugin.SaTokenPluginHolder.installPlugin(SaTokenPluginHolder.java:212)
	at cn.dev33.satoken.plugin.SaTokenPluginHolder.loaderPlugins(SaTokenPluginHolder.java:78)
	at cn.dev33.satoken.plugin.SaTokenPluginHolder.init(SaTokenPluginHolder.java:64)
	at cn.dev33.satoken.spring.SaBeanInject.<init>(SaBeanInject.java:83)
	at java.base/jdk.internal.reflect.DirectConstructorHandleAccessor.newInstance(DirectConstructorHandleAccessor.java:62)
	at java.base/java.lang.reflect.Constructor.newInstanceWithCaller(Constructor.java:499)
	at java.base/java.lang.reflect.Constructor.newInstance(Constructor.java:483)
	at org.springframework.beans.BeanUtils.instantiateClass(BeanUtils.java:207)
	... 23 common frames omitted
Caused by: java.lang.ClassNotFoundException: com.fasterxml.jackson.datatype.jsr310.ser.LocalDateTimeSerializer
	at java.base/jdk.internal.loader.BuiltinClassLoader.loadClass(BuiltinClassLoader.java:580)
	at java.base/java.lang.ClassLoader.loadClass(ClassLoader.java:490)
	... 32 common frames omitted
2026-02-26 09:26:09.637 [main] INFO  com.zhanglx.sso.gateway.SsoGatewayApplication - Starting SsoGatewayApplication using Java 25.0.2 with PID 10828 (F:\zhanglx-index\zhanglx-sso-platform\sso-gateway\target\classes started by 16147 in F:\zhanglx-index\zhanglx-sso-platform)
2026-02-26 09:26:09.641 [main] INFO  com.zhanglx.sso.gateway.SsoGatewayApplication - No active profile set, falling back to 1 default profile: "default"
2026-02-26 09:26:10.437 [main] INFO  o.s.d.r.config.RepositoryConfigurationDelegate - Multiple Spring Data modules found, entering strict repository configuration mode
2026-02-26 09:26:10.447 [main] INFO  o.s.d.r.config.RepositoryConfigurationDelegate - Bootstrapping Spring Data Redis repositories in DEFAULT mode.
2026-02-26 09:26:10.486 [main] INFO  o.s.d.r.config.RepositoryConfigurationDelegate - Finished Spring Data repository scanning in 14 ms. Found 0 Redis repository interfaces.
2026-02-26 09:26:10.690 [main] INFO  o.springframework.cloud.context.scope.GenericScope - BeanFactory id=ce86ac60-9f77-3e96-a130-82e1f753435d
2026-02-26 09:26:11.773 [main] INFO  o.s.c.gateway.route.RouteDefinitionRouteLocator - Loaded RoutePredicateFactory [After]
2026-02-26 09:26:11.773 [main] INFO  o.s.c.gateway.route.RouteDefinitionRouteLocator - Loaded RoutePredicateFactory [Before]
2026-02-26 09:26:11.773 [main] INFO  o.s.c.gateway.route.RouteDefinitionRouteLocator - Loaded RoutePredicateFactory [Between]
2026-02-26 09:26:11.773 [main] INFO  o.s.c.gateway.route.RouteDefinitionRouteLocator - Loaded RoutePredicateFactory [Cookie]
2026-02-26 09:26:11.773 [main] INFO  o.s.c.gateway.route.RouteDefinitionRouteLocator - Loaded RoutePredicateFactory [Header]
2026-02-26 09:26:11.773 [main] INFO  o.s.c.gateway.route.RouteDefinitionRouteLocator - Loaded RoutePredicateFactory [Host]
2026-02-26 09:26:11.773 [main] INFO  o.s.c.gateway.route.RouteDefinitionRouteLocator - Loaded RoutePredicateFactory [Method]
2026-02-26 09:26:11.773 [main] INFO  o.s.c.gateway.route.RouteDefinitionRouteLocator - Loaded RoutePredicateFactory [Path]
2026-02-26 09:26:11.773 [main] INFO  o.s.c.gateway.route.RouteDefinitionRouteLocator - Loaded RoutePredicateFactory [Query]
2026-02-26 09:26:11.773 [main] INFO  o.s.c.gateway.route.RouteDefinitionRouteLocator - Loaded RoutePredicateFactory [ReadBody]
2026-02-26 09:26:11.773 [main] INFO  o.s.c.gateway.route.RouteDefinitionRouteLocator - Loaded RoutePredicateFactory [RemoteAddr]
2026-02-26 09:26:11.774 [main] INFO  o.s.c.gateway.route.RouteDefinitionRouteLocator - Loaded RoutePredicateFactory [Version]
2026-02-26 09:26:11.774 [main] INFO  o.s.c.gateway.route.RouteDefinitionRouteLocator - Loaded RoutePredicateFactory [XForwardedRemoteAddr]
2026-02-26 09:26:11.774 [main] INFO  o.s.c.gateway.route.RouteDefinitionRouteLocator - Loaded RoutePredicateFactory [Weight]
2026-02-26 09:26:11.774 [main] INFO  o.s.c.gateway.route.RouteDefinitionRouteLocator - Loaded RoutePredicateFactory [CloudFoundryRouteService]
2026-02-26 09:26:12.331 [main] WARN  o.s.c.l.c.LoadBalancerCacheAutoConfiguration$LoadBalancerCaffeineWarnLogger - Spring Cloud LoadBalancer is currently working with the default cache. While this cache implementation is useful for development and tests, it's recommended to use Caffeine cache in production.You can switch to using Caffeine cache, by adding it and org.springframework.cache.caffeine.CaffeineCacheManager to the classpath.
2026-02-26 09:26:12.485 [main] INFO  o.s.boot.reactor.netty.NettyWebServer - Netty started on port 8080 (http)
2026-02-26 09:26:12.537 [main] INFO  com.zhanglx.sso.gateway.SsoGatewayApplication - Started SsoGatewayApplication in 3.457 seconds (process running for 4.922)
2026-02-26 09:42:48.268 [SpringApplicationShutdownHook] INFO  o.s.boot.reactor.netty.GracefulShutdown - Commencing graceful shutdown. Waiting for active requests to complete
2026-02-26 09:42:48.290 [netty-shutdown] INFO  o.s.boot.reactor.netty.GracefulShutdown - Graceful shutdown complete
2026-02-26 09:42:55.391 [main] INFO  com.zhanglx.sso.gateway.SsoGatewayApplication - Starting SsoGatewayApplication using Java 25.0.2 with PID 21692 (F:\zhanglx-index\zhanglx-sso-platform\sso-gateway\target\classes started by 16147 in F:\zhanglx-index\zhanglx-sso-platform)
2026-02-26 09:42:55.395 [main] INFO  com.zhanglx.sso.gateway.SsoGatewayApplication - No active profile set, falling back to 1 default profile: "default"
2026-02-26 09:42:56.150 [main] INFO  o.s.d.r.config.RepositoryConfigurationDelegate - Multiple Spring Data modules found, entering strict repository configuration mode
2026-02-26 09:42:56.152 [main] INFO  o.s.d.r.config.RepositoryConfigurationDelegate - Bootstrapping Spring Data Redis repositories in DEFAULT mode.
2026-02-26 09:42:56.183 [main] INFO  o.s.d.r.config.RepositoryConfigurationDelegate - Finished Spring Data repository scanning in 12 ms. Found 0 Redis repository interfaces.
2026-02-26 09:42:56.382 [main] INFO  o.springframework.cloud.context.scope.GenericScope - BeanFactory id=ce86ac60-9f77-3e96-a130-82e1f753435d
2026-02-26 09:42:57.468 [main] INFO  o.s.c.gateway.route.RouteDefinitionRouteLocator - Loaded RoutePredicateFactory [After]
2026-02-26 09:42:57.469 [main] INFO  o.s.c.gateway.route.RouteDefinitionRouteLocator - Loaded RoutePredicateFactory [Before]
2026-02-26 09:42:57.469 [main] INFO  o.s.c.gateway.route.RouteDefinitionRouteLocator - Loaded RoutePredicateFactory [Between]
2026-02-26 09:42:57.469 [main] INFO  o.s.c.gateway.route.RouteDefinitionRouteLocator - Loaded RoutePredicateFactory [Cookie]
2026-02-26 09:42:57.469 [main] INFO  o.s.c.gateway.route.RouteDefinitionRouteLocator - Loaded RoutePredicateFactory [Header]
2026-02-26 09:42:57.469 [main] INFO  o.s.c.gateway.route.RouteDefinitionRouteLocator - Loaded RoutePredicateFactory [Host]
2026-02-26 09:42:57.469 [main] INFO  o.s.c.gateway.route.RouteDefinitionRouteLocator - Loaded RoutePredicateFactory [Method]
2026-02-26 09:42:57.469 [main] INFO  o.s.c.gateway.route.RouteDefinitionRouteLocator - Loaded RoutePredicateFactory [Path]
2026-02-26 09:42:57.469 [main] INFO  o.s.c.gateway.route.RouteDefinitionRouteLocator - Loaded RoutePredicateFactory [Query]
2026-02-26 09:42:57.469 [main] INFO  o.s.c.gateway.route.RouteDefinitionRouteLocator - Loaded RoutePredicateFactory [ReadBody]
2026-02-26 09:42:57.469 [main] INFO  o.s.c.gateway.route.RouteDefinitionRouteLocator - Loaded RoutePredicateFactory [RemoteAddr]
2026-02-26 09:42:57.469 [main] INFO  o.s.c.gateway.route.RouteDefinitionRouteLocator - Loaded RoutePredicateFactory [Version]
2026-02-26 09:42:57.469 [main] INFO  o.s.c.gateway.route.RouteDefinitionRouteLocator - Loaded RoutePredicateFactory [XForwardedRemoteAddr]
2026-02-26 09:42:57.469 [main] INFO  o.s.c.gateway.route.RouteDefinitionRouteLocator - Loaded RoutePredicateFactory [Weight]
2026-02-26 09:42:57.469 [main] INFO  o.s.c.gateway.route.RouteDefinitionRouteLocator - Loaded RoutePredicateFactory [CloudFoundryRouteService]
2026-02-26 09:42:57.972 [main] WARN  o.s.c.l.c.LoadBalancerCacheAutoConfiguration$LoadBalancerCaffeineWarnLogger - Spring Cloud LoadBalancer is currently working with the default cache. While this cache implementation is useful for development and tests, it's recommended to use Caffeine cache in production.You can switch to using Caffeine cache, by adding it and org.springframework.cache.caffeine.CaffeineCacheManager to the classpath.
2026-02-26 09:42:58.116 [main] INFO  o.s.boot.reactor.netty.NettyWebServer - Netty started on port 8080 (http)
2026-02-26 09:42:58.159 [main] INFO  com.zhanglx.sso.gateway.SsoGatewayApplication - Started SsoGatewayApplication in 3.313 seconds (process running for 4.77)
